<?xml version="1.0" encoding="UTF-8"?>
<testsuite xmlns:xsi="http://www.w3.org/2001/XMLSchema-instance" xsi:noNamespaceSchemaLocation="https://maven.apache.org/surefire/maven-surefire-plugin/xsd/surefire-test-report-3.0.xsd" version="3.0" name="com.example.demo.TalentstreamApplicationTests" time="10.125" tests="1" errors="0" skipped="0" failures="0">
  <properties>
[...]
</properties>
  <testcase name="contextLoads" classname="com.example.demo.TalentstreamApplicationTests" time="1.565">
    <system-out><![CDATA[11:13:21.972 [main] INFO org.springframework.test.context.support.AnnotationConfigContextLoaderUtils -- Could not detect default configuration classes for test class [com.example.demo.TalentstreamApplicationTests]: TalentstreamApplicationTests does not declare any static, non-private, non-final, nested classes annotated with @Configuration.
11:13:22.098 [main] INFO org.springframework.boot.test.context.SpringBootTestContextBootstrapper -- Found @SpringBootConfiguration com.example.demo.TalentstreamApplication for test class com.example.demo.TalentstreamApplicationTests

  .   ____          _            __ _ _
 /\\ / ___'_ __ _ _(_)_ __  __ _ \ \ \ \
( ( )\___ | '_ | '_| | '_ \/ _` | \ \ \ \
 \\/  ___)| |_)| | | | | || (_| |  ) ) ) )
  '  |____| .__|_| |_|_| |_\__, | / / / /
 =========|_|==============|___/=/_/_/_/
 :: Spring Boot ::                (v3.1.5)

2024-01-02T11:13:22.646+05:30  INFO 3828 --- [           main] c.e.demo.TalentstreamApplicationTests    : Starting TalentstreamApplicationTests using Java 17.0.9 with PID 3828 (started by vikas in C:\Users\vikas\Documents\workspace-spring-tool-suite-4-4.21.0.RELEASE\TalentStream)
2024-01-02T11:13:22.650+05:30  INFO 3828 --- [           main] c.e.demo.TalentstreamApplicationTests    : No active profile set, falling back to 1 default profile: "default"
2024-01-02T11:13:23.724+05:30  INFO 3828 --- [           main] .s.d.r.c.RepositoryConfigurationDelegate : Bootstrapping Spring Data JPA repositories in DEFAULT mode.
2024-01-02T11:13:23.851+05:30  INFO 3828 --- [           main] .s.d.r.c.RepositoryConfigurationDelegate : Finished Spring Data repository scanning in 111 ms. Found 1 JPA repository interfaces.
2024-01-02T11:13:25.004+05:30  INFO 3828 --- [           main] o.hibernate.jpa.internal.util.LogHelper  : HHH000204: Processing PersistenceUnitInfo [name: default]
2024-01-02T11:13:25.145+05:30  INFO 3828 --- [           main] org.hibernate.Version                    : HHH000412: Hibernate ORM core version 6.2.13.Final
2024-01-02T11:13:25.151+05:30  INFO 3828 --- [           main] org.hibernate.cfg.Environment            : HHH000406: Using bytecode reflection optimizer
2024-01-02T11:13:25.780+05:30  INFO 3828 --- [           main] o.s.o.j.p.SpringPersistenceUnitInfo      : No LoadTimeWeaver setup: ignoring JPA class transformer
2024-01-02T11:13:25.841+05:30  INFO 3828 --- [           main] com.zaxxer.hikari.HikariDataSource       : HikariPool-1 - Starting...
2024-01-02T11:13:26.389+05:30  INFO 3828 --- [           main] com.zaxxer.hikari.pool.HikariPool        : HikariPool-1 - Added connection org.postgresql.jdbc.PgConnection@1552da16
2024-01-02T11:13:26.403+05:30  INFO 3828 --- [           main] com.zaxxer.hikari.HikariDataSource       : HikariPool-1 - Start completed.
2024-01-02T11:13:26.548+05:30  WARN 3828 --- [           main] org.hibernate.orm.deprecation            : HHH90000025: PostgreSQLDialect does not need to be specified explicitly using 'hibernate.dialect' (remove the property setting and it will be selected by default)
2024-01-02T11:13:28.877+05:30  INFO 3828 --- [           main] o.h.e.t.j.p.i.JtaPlatformInitiator       : HHH000489: No JTA platform available (set 'hibernate.transaction.jta.platform' to enable JTA platform integration)
2024-01-02T11:13:28.919+05:30  INFO 3828 --- [           main] j.LocalContainerEntityManagerFactoryBean : Initialized JPA EntityManagerFactory for persistence unit 'default'
2024-01-02T11:13:29.397+05:30  WARN 3828 --- [           main] JpaBaseConfiguration$JpaWebConfiguration : spring.jpa.open-in-view is enabled by default. Therefore, database queries may be performed during view rendering. Explicitly configure spring.jpa.open-in-view to disable this warning
2024-01-02T11:13:29.433+05:30  WARN 3828 --- [           main] .s.s.UserDetailsServiceAutoConfiguration : 

Using generated security password: 4b5f4f77-abcc-4e3f-b9fd-8b0e76814efa

This generated password is for development use only. Your security configuration must be updated before running your application in production.

2024-01-02T11:13:29.629+05:30  INFO 3828 --- [           main] o.s.s.web.DefaultSecurityFilterChain     : Will secure any request with [org.springframework.security.web.session.DisableEncodeUrlFilter@311453ab, org.springframework.security.web.context.request.async.WebAsyncManagerIntegrationFilter@7ef3aa21, org.springframework.security.web.context.SecurityContextHolderFilter@67b20b4c, org.springframework.security.web.header.HeaderWriterFilter@205b73d8, org.springframework.security.web.authentication.logout.LogoutFilter@35b79b1f, com.example.demo.config.JwtAuthFilter@2dd4a7a9, org.springframework.security.web.savedrequest.RequestCacheAwareFilter@3e0a112f, org.springframework.security.web.servletapi.SecurityContextHolderAwareRequestFilter@1ae23815, org.springframework.security.web.authentication.AnonymousAuthenticationFilter@49392256, org.springframework.security.web.session.SessionManagementFilter@2b76ecd5, org.springframework.security.web.access.ExceptionTranslationFilter@782e0844, org.springframework.security.web.access.intercept.AuthorizationFilter@72d7afff]
2024-01-02T11:13:30.273+05:30  INFO 3828 --- [           main] c.e.demo.TalentstreamApplicationTests    : Started TalentstreamApplicationTests in 7.96 seconds (process running for 9.287)
]]></system-out>
  </testcase>
</testsuite>